Base path: C:/Program Files/Unity544/Editor/Data
Cmd: getPlatforms
Cmd: preprocess
  insize=1738 outsize=722 ok=1
Cmd: preprocess
  insize=1807 outsize=1542 ok=1
Cmd: preprocess
  insize=679 outsize=676 ok=1
Cmd: preprocess
  insize=900 outsize=900 ok=1
Cmd: preprocess
  error: 1 plat 18 at (21): Duplicate #pragma surface found, ignoring: #pragma surface surf NoLighting 
  insize=2531 outsize=2065 ok=1
Cmd: preprocess
  insize=662 outsize=659 ok=1
Cmd: preprocess
  insize=743 outsize=1742 ok=1
Cmd: preprocess
  insize=996 outsize=1279 ok=1
Cmd: preprocess
  insize=844 outsize=358 ok=1
Cmd: preprocess
  insize=887 outsize=887 ok=1
Cmd: compileSnippet
  api=4 type=0 insize=1456 outsize=610 kw= pd=UNITY_ENABLE_REFLECTION_BUFFERS UNITY_PBS_USE_BRDF1 UNITY_SPECCUBE_BOX_PROJECTION UNITY_SPECCUBE_BLENDING ok=1
Cmd: compileSnippet
  api=4 type=1 insize=1456 outsize=422 kw= pd=UNITY_ENABLE_REFLECTION_BUFFERS UNITY_PBS_USE_BRDF1 UNITY_SPECCUBE_BOX_PROJECTION UNITY_SPECCUBE_BLENDING ok=1
